[debug] [2025-07-21T07:30:04.820Z] ----------------------------------------------------------------------
[debug] [2025-07-21T07:30:04.824Z] Command:       C:\nvm4w\nodejs\node.exe C:\nvm4w\nodejs\node_modules\firebase-tools\lib\bin\firebase.js login:ci
[debug] [2025-07-21T07:30:04.825Z] CLI Version:   14.10.1
[debug] [2025-07-21T07:30:04.825Z] Platform:      win32
[debug] [2025-07-21T07:30:04.826Z] Node Version:  v20.19.0
[debug] [2025-07-21T07:30:04.826Z] Time:          Mon Jul 21 2025 13:00:04 GMT+0530 (India Standard Time)
[debug] [2025-07-21T07:30:04.826Z] ----------------------------------------------------------------------
[debug] 
[debug] [2025-07-21T07:30:04.830Z] >>> [apiv2][query] GET https://firebase-public.firebaseio.com/cli.json [none]
[debug] [2025-07-21T07:30:05.171Z] Object "" in "firebase.json" has unknown property: {"additionalProperty":"react-native"}
[warn] !  Authenticating with a `login:ci` token is deprecated and will be removed in a future major version of `firebase-tools`. Instead, use a service account key with `GOOGLE_APPLICATION_CREDENTIALS`: https://cloud.google.com/docs/authentication/getting-started 
[info] 
[info] Visit this URL on this device to log in:
[info] https://accounts.google.com/o/oauth2/auth?client_id=563584335869-fgrhgmd47bqnekij5i8b5pr03ho849e6.apps.googleusercontent.com&scope=email%20openid%20https%3A%2F%2Fwww.googleapis.com%2Fauth%2Fcloudplatformprojects.readonly%20https%3A%2F%2Fwww.googleapis.com%2Fauth%2Ffirebase%20https%3A%2F%2Fwww.googleapis.com%2Fauth%2Fcloud-platform&response_type=code&state=82007109&redirect_uri=http%3A%2F%2Flocalhost%3A9005
[info] 
[info] Waiting for authentication...
[debug] [2025-07-21T07:30:05.220Z] Error: spawn cmd ENOENT
    at ChildProcess._handle.onexit (node:internal/child_process:285:19)
    at onErrorNT (node:internal/child_process:483:16)
    at process.processTicksAndRejections (node:internal/process/task_queues:82:21)
[error] 
[error] Error: An unexpected error has occurred.
